pixabay  Mysql设计：
     
px_user: 抓取的用户资料表
    id          : 自增ID
    uid    : px站的 作者UID 【如果是本站注册，则把ID值写一份到uid字段中】
    nickname    : 作者昵称【英文】
    source_addr : pixabay 站的个人中心页面地址 【https://pixabay.com/zh/users/publicdomainpictures-14/】
    user_name   : 登录用户名
    passwd      : 登录密码
    user_type : 1,本站注册， 2：px站抓取
    head_portrait : 头像地址
    add_time      : 添加时间
    update_time   : 修改时间


px_user_stat : 用户数据统计表
     id            : 自增ID
     uid           : 用户UID    【与pixabay_user表uid字段对应】
     pic_num       : 图片总数
     downloads     : 下载总数
     like_num      : 喜欢总数
     comment_num   : 评论总数
     follower_num  : 关注者数
     add_time      : 添加时间
     update_time   : 修改时间


px_tag :标签表
     id       :  自增ID
     tag_name :  标签名
     add_time :  添加时间
   


px_category ：分类表
     id       :  自增ID
     category_name : 分类名称
     add_time :  添加时间

  
px_picture ：图片主表
      id             : 自增ID
      uid            : 用户UID【与pixabay_user表uid字段对应】
      px_src_id     : pixabay站的图片ID
      web_address    : 网页图片源地址
      category_id    : 分类ID（与pixabay_category表id相对应）
      image_format   : 图片格式(JPG,PNG)
      theme_colors   : 主题颜色
      image_direction : 图像方向
      image_type      : 图片类型【照片，矢量图，插画】
      view          : 视图	
      downloads     : 下载量	 
      like_num      : 喜欢数
      favorites_num   : 收藏数
      comments :评论数
      is_handpick   : 是否精选
      add_time      : 添加时间



px_picture_tag : 图片标签表
      id            : 自增ID
      pic_id        : 图片id
      tag_id        : 标签ID(与pixabay_tag表id相对应)
      add_time      : 添加时间
      update_time   : 修改时间

  
px_picture_images:图片地址列表
     id            : 自增ID
     pic_id        : 图片id

     ImageURL
     imageWidth
     imageHeight
     pic_address    : 图片本地地址 【/home/images/2020/5/22/aa.jpg】
     file_name           : 文件名
     is_qiniu            : 是否上传到七牛
     add_time            : 添加时间


     


