golang 后台抓取pixabay图片项目

图片站项目计划：
    抓取网站地址:
       https://pixabay.com/zh/
       https://www.hellorf.com/?utm_source=zcool_search-content-more
       https://magdeleine.co/animals/

       https://pixabay.com/zh/images/search/?colors=lilac
       


   开发框架 : gin，chromedp
   存储    ：七牛云
   搜索    ： ES
   
   抓取栏目 ：图片，视频

   首页抓取图片思路：【https://pixabay.com/zh/photos/search/?order=upcoming】
      最新：按上传时间排序即可， 不用单独请求
      热门： 按最近某段时间的 收藏或点赞数，下载数排序即可， 不用单独请求
      小编精选： 抓取完后可自己单独设置。不用单独请求源站的内容

      图片分为 照片， 矢量图，插画 三种类型， 可在图片的详情页的tag链接上根据关键字区分， 不用单独发起3次请求，
    图像方向： 可获取图片的宽高，根据宽高比例判断是水平还是垂直， 不用单独请求
    类别：     在图片详情页有类别，可直接获取图片详情页的类别， 不用单独请求
    尺寸：     自己获取图片宽高记录下来， 搜索的时候用。 这里不用单独设置值请求。
    颜色：     颜色总共有12个选项， 由于图片详情页没法获取到颜色值， go程序获取的16进制颜色与这里的搜索项对不上。 故这里需要单独请求。（即图片选项加12个颜色选项，请求12次）。每一次请求后记录图片链接和搜索颜色信息，再发起多个goroutine 去获取图片详情页信息。然后这里再继续分页请求。


   图片详情页思路：(https://pixabay.com/zh/photos/beach-rocks-balance-blue-coastline-15712/) 
       1.抓取图片上关键字【海洋，蓝色......】
       2.点击免费下载，【下载不同大小的图片,按目录结构临时保存，然后上传到七牛云】
       3.图片信息【图片类型，下载量，类别..... 等】
       4.上传者用户信息抓取【点击用户名跳到用户详情】
       5.获取图片的喜欢数，收藏数
       6.抓取评论【只抓前5条，把整个HTML都保存下来，评论数据后台慢慢解析保存】
       7.抓取页面底部推荐的图片标签



    用户详情页抓取思路:【https://pixabay.com/zh/users/publicdomainpictures-14/】
            1.抓取用户的用户名和各项统计数据（下载量，总图片数，收藏数 等）

 